  main.cpp
D:\Project\Kuliah\Semester 1\Game\Jumping Goat\Jumping Goat\main.cpp(78,38): warning C4244: 'argument': conversion from 'time_t' to 'unsigned int', possible loss of data
D:\Project\Kuliah\Semester 1\Game\Jumping Goat\Jumping Goat\main.cpp(127,18): warning C4305: '+=': truncation from 'double' to 'float'
D:\Project\Kuliah\Semester 1\Game\Jumping Goat\Jumping Goat\main.cpp(128,20): warning C4244: '+=': conversion from 'float' to 'int', possible loss of data
D:\Project\Kuliah\Semester 1\Game\Jumping Goat\Jumping Goat\main.cpp(135,42): warning C4244: '-=': conversion from 'float' to 'T', possible loss of data
          with
          [
              T=unsigned int
          ]
D:\Project\Kuliah\Semester 1\Game\Jumping Goat\Jumping Goat\main.cpp(147,54): warning C4018: '>': signed/unsigned mismatch
D:\Project\Kuliah\Semester 1\Game\Jumping Goat\Jumping Goat\main.cpp(147,118): warning C4018: '<': signed/unsigned mismatch
D:\Project\Kuliah\Semester 1\Game\Jumping Goat\Jumping Goat\main.cpp(148,58): warning C4018: '>': signed/unsigned mismatch
D:\Project\Kuliah\Semester 1\Game\Jumping Goat\Jumping Goat\main.cpp(148,124): warning C4018: '<': signed/unsigned mismatch
D:\Project\Kuliah\Semester 1\Game\Jumping Goat\Jumping Goat\main.cpp(171,37): warning C4244: 'argument': conversion from 'int' to 'float', possible loss of data
D:\Project\Kuliah\Semester 1\Game\Jumping Goat\Jumping Goat\main.cpp(171,28): warning C4244: 'argument': conversion from 'int' to 'float', possible loss of data
D:\Project\Kuliah\Semester 1\Game\Jumping Goat\Jumping Goat\main.cpp(182,80): warning C4244: 'argument': conversion from 'T' to 'float', possible loss of data
          with
          [
              T=unsigned int
          ]
D:\Project\Kuliah\Semester 1\Game\Jumping Goat\Jumping Goat\main.cpp(182,57): warning C4244: 'argument': conversion from 'T' to 'float', possible loss of data
          with
          [
              T=unsigned int
          ]
D:\Project\Kuliah\Semester 1\Game\Jumping Goat\Jumping Goat\main.cpp(187,86): warning C4244: 'argument': conversion from 'T' to 'float', possible loss of data
          with
          [
              T=unsigned int
          ]
D:\Project\Kuliah\Semester 1\Game\Jumping Goat\Jumping Goat\main.cpp(187,63): warning C4244: 'argument': conversion from 'T' to 'float', possible loss of data
          with
          [
              T=unsigned int
          ]
D:\Project\Kuliah\Semester 1\Game\Jumping Goat\Jumping Goat\main.cpp(192,86): warning C4244: 'argument': conversion from 'T' to 'float', possible loss of data
          with
          [
              T=unsigned int
          ]
D:\Project\Kuliah\Semester 1\Game\Jumping Goat\Jumping Goat\main.cpp(192,63): warning C4244: 'argument': conversion from 'T' to 'float', possible loss of data
          with
          [
              T=unsigned int
          ]
  Generating code
  Previous IPDB not found, fall back to full compilation.
  All 122 functions were compiled because no usable IPDB/IOBJ from previous compilation was found.
  Finished generating code
  Jumping Goat.vcxproj -> D:\Project\Kuliah\Semester 1\Game\Jumping Goat\x64\Release\Jumping Goat.exe
  'pwsh.exe' is not recognized as an internal or external command,
  operable program or batch file.
